14-10-2021 22:33 - [INFO]: Run stats:
YurikovDrone: 1504
DrillerDrone: 1375

WINNER: YurikovDrone

empty_range = 6216.348162892239
fully_range = 5583.764893249106
not_fully_range = 2037.4126188343935

14-10-2021 22:34 - [INFO]: Run stats:
YurikovDrone: 1486
DrillerDrone: 1484

WINNER: YurikovDrone

empty_range = 6055.696946757662
fully_range = 5350.217842245119
not_fully_range = 3367.526091608511

14-10-2021 22:34 - [INFO]: Run stats:
YurikovDrone: 1466
DrillerDrone: 1461

WINNER: YurikovDrone

empty_range = 6987.357785600314
fully_range = 5700.593098869085
not_fully_range = 2067.676752716482

14-10-2021 22:34 - [INFO]: Run stats:
YurikovDrone: 1527
DrillerDrone: 1473

WINNER: YurikovDrone

empty_range = 6975.79884824566
fully_range = 5824.696801956829
not_fully_range = 1887.0192810966385

14-10-2021 22:35 - [INFO]: Run stats:
YurikovDrone: 1650
DrillerDrone: 1511

WINNER: YurikovDrone

empty_range = 7287.519422659937
fully_range = 6287.320104266419
not_fully_range = 3870.1285530875602

14-10-2021 22:35 - [INFO]: Run stats:
YurikovDrone: 1614
DrillerDrone: 1501

WINNER: YurikovDrone

empty_range = 7077.358980549034
fully_range = 6623.430608253645
not_fully_range = 2656.443612698129

14-10-2021 22:35 - [INFO]: Run stats:
YurikovDrone: 1444
DrillerDrone: 1279

WINNER: YurikovDrone

empty_range = 5922.933324838828
fully_range = 5461.252607504035
not_fully_range = 1599.5536872418454

14-10-2021 22:36 - [INFO]: Run stats:
YurikovDrone: 1577
DrillerDrone: 1395

WINNER: YurikovDrone

empty_range = 6826.616570631816
fully_range = 5735.39162583971
not_fully_range = 1384.48812388373

14-10-2021 22:36 - [INFO]: Run stats:
YurikovDrone: 1602
DrillerDrone: 1499

WINNER: YurikovDrone

empty_range = 7339.633836253292
fully_range = 5519.280000000022
not_fully_range = 3039.13584375665

14-10-2021 22:36 - [INFO]: Run stats:
YurikovDrone: 1468
DrillerDrone: 1438

WINNER: YurikovDrone

empty_range = 6462.571712765182
fully_range = 5599.4985903229335
not_fully_range = 2154.5610290544378

14-10-2021 22:36 - [INFO]: Run stats:
YurikovDrone: 1540
DrillerDrone: 1498

WINNER: YurikovDrone

empty_range = 7065.685317430014
fully_range = 5270.729015611101
not_fully_range = 3043.74866922831

14-10-2021 22:37 - [INFO]: Run stats:
YurikovDrone: 1432
DrillerDrone: 1394

WINNER: YurikovDrone

empty_range = 6518.297718266369
fully_range = 5398.45511976679
not_fully_range = 1769.4252735876203

14-10-2021 22:37 - [INFO]: Run stats:
YurikovDrone: 1673
DrillerDrone: 1501

WINNER: YurikovDrone

empty_range = 7744.236159069257
fully_range = 5744.045156438329
not_fully_range = 2590.2253811345663

14-10-2021 22:37 - [INFO]: Run stats:
YurikovDrone: 1544
DrillerDrone: 1331

WINNER: YurikovDrone

empty_range = 6585.837282929837
fully_range = 6069.48589742833
not_fully_range = 1930.0822082849552

14-10-2021 22:37 - [INFO]: Run stats:
YurikovDrone: 1473
DrillerDrone: 1374

WINNER: YurikovDrone

empty_range = 7148.769555923108
fully_range = 5533.267743040902
not_fully_range = 1853.7305664061064

14-10-2021 22:38 - [INFO]: Run stats:
YurikovDrone: 1725
DrillerDrone: 1521

WINNER: YurikovDrone

empty_range = 9051.700188066427
fully_range = 6150.708698035021
not_fully_range = 3894.9260462374295

14-10-2021 22:38 - [INFO]: Run stats:
YurikovDrone: 1660
DrillerDrone: 1500

WINNER: YurikovDrone

empty_range = 7052.148597030684
fully_range = 5374.566413796101
not_fully_range = 3213.278313623818

14-10-2021 22:38 - [INFO]: Run stats:
YurikovDrone: 1548
DrillerDrone: 1500

WINNER: YurikovDrone

empty_range = 7570.360743569639
fully_range = 6728.341055458773
not_fully_range = 4261.787818860036

14-10-2021 22:38 - [INFO]: Run stats:
YurikovDrone: 1483
DrillerDrone: 1465

WINNER: YurikovDrone

empty_range = 6212.380755335952
fully_range = 5038.755468848375
not_fully_range = 2461.790839032568

14-10-2021 22:39 - [INFO]: Run stats:
YurikovDrone: 1623
DrillerDrone: 1430

WINNER: YurikovDrone

empty_range = 7167.446070717497
fully_range = 6182.485454213678
not_fully_range = 2565.1059534022525

14-10-2021 22:39 - [INFO]: Run stats:
YurikovDrone: 1543
DrillerDrone: 1462

WINNER: YurikovDrone

empty_range = 7091.400475855347
fully_range = 5900.401412211053
not_fully_range = 2189.066683068821

14-10-2021 22:39 - [INFO]: Run stats:
YurikovDrone: 1534
DrillerDrone: 1458

WINNER: YurikovDrone

empty_range = 6900.293911491851
fully_range = 6003.822162703465
not_fully_range = 2344.5054584115774

14-10-2021 22:39 - [INFO]: Run stats:
YurikovDrone: 1681
DrillerDrone: 1496

WINNER: YurikovDrone

empty_range = 7482.747082423851
fully_range = 6613.588266854075
not_fully_range = 2405.7718000969594

14-10-2021 22:40 - [INFO]: Run stats:
YurikovDrone: 1536
DrillerDrone: 1426

WINNER: YurikovDrone

empty_range = 6480.990740401259
fully_range = 5457.778132167934
not_fully_range = 3058.0526454218784

14-10-2021 22:40 - [INFO]: Run stats:
YurikovDrone: 1531
DrillerDrone: 1546

WINNER: DrillerDrone

empty_range = 8025.217973736459
fully_range = 6232.881918900597
not_fully_range = 2888.461659918264

14-10-2021 22:41 - [INFO]: Run stats:
YurikovDrone: 1539
DrillerDrone: 1352

WINNER: YurikovDrone

empty_range = 6171.64893499192
fully_range = 5664.671541362921
not_fully_range = 1305.1768680231573

14-10-2021 22:41 - [INFO]: Run stats:
YurikovDrone: 1738
DrillerDrone: 1500

WINNER: YurikovDrone

empty_range = 7424.339456540626
fully_range = 5884.683475227209
not_fully_range = 3070.173325593669

14-10-2021 22:41 - [INFO]: Run stats:
YurikovDrone: 1389
DrillerDrone: 1417

WINNER: DrillerDrone

empty_range = 6314.026121735353
fully_range = 5224.592531533516
not_fully_range = 3020.9737872483142

14-10-2021 22:41 - [INFO]: Run stats:
YurikovDrone: 1511
DrillerDrone: 1402

WINNER: YurikovDrone

empty_range = 6347.342241694768
fully_range = 5762.787634889578
not_fully_range = 2332.927321631179

14-10-2021 22:42 - [INFO]: Run stats:
YurikovDrone: 1499
DrillerDrone: 1415

WINNER: YurikovDrone

empty_range = 6662.075880404052
fully_range = 5778.88930191239
not_fully_range = 1819.8704502590915

14-10-2021 22:42 - [INFO]: Run stats:
YurikovDrone: 1512
DrillerDrone: 1440

WINNER: YurikovDrone

empty_range = 6558.640396855068
fully_range = 5505.613590242542
not_fully_range = 2041.3805500560375

14-10-2021 22:42 - [INFO]: Run stats:
YurikovDrone: 1540
DrillerDrone: 1461

WINNER: YurikovDrone

empty_range = 5759.457560169059
fully_range = 4853.279660659824
not_fully_range = 3318.5758733193693

14-10-2021 22:42 - [INFO]: Run stats:
YurikovDrone: 1804
DrillerDrone: 1586

WINNER: YurikovDrone

empty_range = 8342.323230346448
fully_range = 5954.1193312796895
not_fully_range = 2379.711623544215

14-10-2021 22:43 - [INFO]: Run stats:
YurikovDrone: 1442
DrillerDrone: 1362

WINNER: YurikovDrone

empty_range = 6403.704355121287
fully_range = 5214.764147006987
not_fully_range = 1863.833706311957

14-10-2021 22:43 - [INFO]: Run stats:
YurikovDrone: 1609
DrillerDrone: 1500

WINNER: YurikovDrone

empty_range = 6978.019148884721
fully_range = 6264.560150534561
not_fully_range = 1858.3523237937593

14-10-2021 22:43 - [INFO]: Run stats:
YurikovDrone: 1462
DrillerDrone: 1402

WINNER: YurikovDrone

empty_range = 6014.742928085265
fully_range = 5605.840316411994
not_fully_range = 1847.2167204435655

14-10-2021 22:43 - [INFO]: Run stats:
YurikovDrone: 1490
DrillerDrone: 1306

WINNER: YurikovDrone

empty_range = 7102.1648642932305
fully_range = 5844.661955979653
not_fully_range = 1051.2934255507432

14-10-2021 22:43 - [INFO]: Run stats:
YurikovDrone: 1480
DrillerDrone: 1460

WINNER: YurikovDrone

empty_range = 6693.04494716883
fully_range = 5655.347771615018
not_fully_range = 1701.9351907704358

14-10-2021 22:44 - [INFO]: Run stats:
YurikovDrone: 1546
DrillerDrone: 1500

WINNER: YurikovDrone

empty_range = 7080.06000000005
fully_range = 5656.539619677419
not_fully_range = 2729.3290198492264

14-10-2021 22:44 - [INFO]: Run stats:
YurikovDrone: 1566
DrillerDrone: 1473

WINNER: YurikovDrone

empty_range = 5953.359085955747
fully_range = 5450.657694391905
not_fully_range = 2731.313776543769

14-10-2021 22:44 - [INFO]: Run stats:
YurikovDrone: 1518
DrillerDrone: 1551

WINNER: DrillerDrone

empty_range = 7145.088306227856
fully_range = 6706.631877419455
not_fully_range = 2739.9291259965976

14-10-2021 22:45 - [INFO]: Run stats:
YurikovDrone: 1555
DrillerDrone: 1474

WINNER: YurikovDrone

empty_range = 6978.664982913756
fully_range = 6034.978114006731
not_fully_range = 2379.774794695846

14-10-2021 22:45 - [INFO]: Run stats:
YurikovDrone: 1498
DrillerDrone: 1279

WINNER: YurikovDrone

empty_range = 5822.837152174877
fully_range = 5541.80282235956
not_fully_range = 1909.5505617051717

14-10-2021 22:45 - [INFO]: Run stats:
YurikovDrone: 1602
DrillerDrone: 1410

WINNER: YurikovDrone

empty_range = 6083.6767560114795
fully_range = 5632.088747701588
not_fully_range = 2516.345092932332

14-10-2021 22:45 - [INFO]: Run stats:
YurikovDrone: 1588
DrillerDrone: 1477

WINNER: YurikovDrone

empty_range = 7470.174378676699
fully_range = 5336.096017743582
not_fully_range = 2621.48892716028

14-10-2021 22:45 - [INFO]: Run stats:
YurikovDrone: 1430
DrillerDrone: 1341

WINNER: YurikovDrone

empty_range = 6540.537247966722
fully_range = 5658.367864001089
not_fully_range = 1445.4207858740535

14-10-2021 22:46 - [INFO]: Run stats:
YurikovDrone: 1618
DrillerDrone: 1533

WINNER: YurikovDrone

empty_range = 8658.176791802258
fully_range = 6395.342474579477
not_fully_range = 2867.540955667191

14-10-2021 22:46 - [INFO]: Run stats:
YurikovDrone: 1582
DrillerDrone: 1421

WINNER: YurikovDrone

empty_range = 6269.045047365773
fully_range = 6179.825360134018
not_fully_range = 1459.4931687835756

14-10-2021 22:46 - [INFO]: Run stats:
YurikovDrone: 1607
DrillerDrone: 1459

WINNER: YurikovDrone

empty_range = 7051.055518076062
fully_range = 6280.374583526184
not_fully_range = 1872.4869139031648

14-10-2021 22:46 - [INFO]: Run stats:
YurikovDrone: 1488
DrillerDrone: 1380

WINNER: YurikovDrone

empty_range = 5917.743290838011
fully_range = 5777.507426259377
not_fully_range = 3078.8495378866523

14-10-2021 22:47 - [INFO]: Run stats:
YurikovDrone: 1579
DrillerDrone: 1446

WINNER: YurikovDrone

empty_range = 6850.175862929827
fully_range = 6373.199424636261
not_fully_range = 2436.243409666106

14-10-2021 22:47 - [INFO]: Run stats:
YurikovDrone: 1544
DrillerDrone: 1472

WINNER: YurikovDrone

empty_range = 6702.639771871674
fully_range = 5831.112737456084
not_fully_range = 2277.0652524427296

14-10-2021 22:47 - [INFO]: Run stats:
YurikovDrone: 1483
DrillerDrone: 1473

WINNER: YurikovDrone

empty_range = 6549.6450359608025
fully_range = 5152.454068932364
not_fully_range = 2431.4431738199805

14-10-2021 22:48 - [INFO]: Run stats:
YurikovDrone: 1486
DrillerDrone: 1199

WINNER: YurikovDrone

empty_range = 5927.90883261786
fully_range = 5445.390700342764
not_fully_range = 1786.5088199771642

14-10-2021 22:48 - [INFO]: Run stats:
YurikovDrone: 1492
DrillerDrone: 1442

WINNER: YurikovDrone

empty_range = 6482.687946248859
fully_range = 5175.652256987682
not_fully_range = 2406.201954721287

14-10-2021 22:48 - [INFO]: Run stats:
YurikovDrone: 1578
DrillerDrone: 1500

WINNER: YurikovDrone

empty_range = 6226.902909928495
fully_range = 6285.648473743594
not_fully_range = 2049.5763026742015

14-10-2021 22:48 - [INFO]: Run stats:
YurikovDrone: 1598
DrillerDrone: 1499

WINNER: YurikovDrone

empty_range = 6782.22725938414
fully_range = 5549.440000000017
not_fully_range = 2987.47474661527

14-10-2021 22:48 - [INFO]: Run stats:
YurikovDrone: 1605
DrillerDrone: 1499

WINNER: YurikovDrone

empty_range = 7272.669247501611
fully_range = 6571.602872595385
not_fully_range = 2360.491358741449

14-10-2021 22:49 - [INFO]: Run stats:
YurikovDrone: 1522
DrillerDrone: 1440

WINNER: YurikovDrone

empty_range = 6476.3786107322585
fully_range = 5790.7083402146245
not_fully_range = 1631.8480925025956

14-10-2021 22:49 - [INFO]: Run stats:
YurikovDrone: 1597
DrillerDrone: 1496

WINNER: YurikovDrone

empty_range = 7552.789247262207
fully_range = 5494.457666406979
not_fully_range = 3314.428940836585

14-10-2021 22:50 - [INFO]: Run stats:
YurikovDrone: 1542
DrillerDrone: 1503

WINNER: YurikovDrone

empty_range = 6144.671778506006
fully_range = 5973.421192489383
not_fully_range = 3692.283495827944

14-10-2021 22:50 - [INFO]: Run stats:
YurikovDrone: 1600
DrillerDrone: 1491

WINNER: YurikovDrone

empty_range = 6642.539052166216
fully_range = 5644.405583788399
not_fully_range = 2537.6289860963625

14-10-2021 22:50 - [INFO]: Run stats:
YurikovDrone: 1484
DrillerDrone: 1467

WINNER: YurikovDrone

empty_range = 6176.19489400672
fully_range = 5514.128119462735
not_fully_range = 3414.28277889488

14-10-2021 22:50 - [INFO]: Run stats:
YurikovDrone: 1649
DrillerDrone: 1500

WINNER: YurikovDrone

empty_range = 6829.892193490201
fully_range = 6760.314190389788
not_fully_range = 2945.3981540973227

14-10-2021 22:51 - [INFO]: Run stats:
YurikovDrone: 1432
DrillerDrone: 1405

WINNER: YurikovDrone

empty_range = 5962.866186729856
fully_range = 5330.299615462542
not_fully_range = 1842.9541078378472

14-10-2021 22:51 - [INFO]: Run stats:
YurikovDrone: 1559
DrillerDrone: 1378

WINNER: YurikovDrone

empty_range = 6518.884593303583
fully_range = 5970.360549584007
not_fully_range = 1276.0442763595593

14-10-2021 22:51 - [INFO]: Run stats:
YurikovDrone: 1713
DrillerDrone: 1528

WINNER: YurikovDrone

empty_range = 7307.492692777622
fully_range = 6387.569210167081
not_fully_range = 2634.017503407776

14-10-2021 22:51 - [INFO]: Run stats:
YurikovDrone: 1471
DrillerDrone: 1266

WINNER: YurikovDrone

empty_range = 6056.27997667641
fully_range = 5569.340419553917
not_fully_range = 2080.1674400262755

14-10-2021 22:52 - [INFO]: Run stats:
YurikovDrone: 1500
DrillerDrone: 1350

WINNER: YurikovDrone

empty_range = 6804.045569311708
fully_range = 6680.2983978558705
not_fully_range = 1114.7489619458477

14-10-2021 22:52 - [INFO]: Run stats:
YurikovDrone: 1419
DrillerDrone: 1446

WINNER: DrillerDrone

empty_range = 6761.883144624711
fully_range = 5516.273735631265
not_fully_range = 3364.154887894989

14-10-2021 22:52 - [INFO]: Run stats:
YurikovDrone: 1513
DrillerDrone: 1298

WINNER: YurikovDrone

empty_range = 6546.321492620953
fully_range = 5846.4900167523
not_fully_range = 1367.3419303412759

14-10-2021 22:52 - [INFO]: Run stats:
YurikovDrone: 1488
DrillerDrone: 1452

WINNER: YurikovDrone

empty_range = 6583.373091082937
fully_range = 5591.349874705349
not_fully_range = 2031.008719291162

14-10-2021 22:53 - [INFO]: Run stats:
YurikovDrone: 1491
DrillerDrone: 1436

WINNER: YurikovDrone

empty_range = 6195.556803933121
fully_range = 5512.152600494623
not_fully_range = 1951.1112290448768

14-10-2021 22:53 - [INFO]: Run stats:
YurikovDrone: 1500
DrillerDrone: 1388

WINNER: YurikovDrone

empty_range = 6636.421940228267
fully_range = 6118.3843339443065
not_fully_range = 1198.9166051818574

14-10-2021 22:53 - [INFO]: Run stats:
YurikovDrone: 1669
DrillerDrone: 1556

WINNER: YurikovDrone

empty_range = 6972.005154661041
fully_range = 6198.354387610699
not_fully_range = 2560.493990311088

14-10-2021 22:53 - [INFO]: Run stats:
YurikovDrone: 1534
DrillerDrone: 1376

WINNER: YurikovDrone

empty_range = 6082.744339308708
fully_range = 5259.913372026434
not_fully_range = 2870.3429095618603

14-10-2021 22:54 - [INFO]: Run stats:
YurikovDrone: 1526
DrillerDrone: 1500

WINNER: YurikovDrone

empty_range = 6492.802206049319
fully_range = 5274.145742439242
not_fully_range = 2965.857891473767

14-10-2021 22:54 - [INFO]: Run stats:
YurikovDrone: 1559
DrillerDrone: 1500

WINNER: YurikovDrone

empty_range = 6627.979872744222
fully_range = 5433.20937724855
not_fully_range = 3377.1423646903568

14-10-2021 22:54 - [INFO]: Run stats:
YurikovDrone: 1637
DrillerDrone: 1500

WINNER: YurikovDrone

empty_range = 7348.601314554423
fully_range = 5853.865375994464
not_fully_range = 2949.6901992274647

14-10-2021 22:54 - [INFO]: Run stats:
YurikovDrone: 1541
DrillerDrone: 1399

WINNER: YurikovDrone

empty_range = 6021.967080540307
fully_range = 5505.117616434267
not_fully_range = 2103.6182677693214

14-10-2021 22:55 - [INFO]: Run stats:
YurikovDrone: 1500
DrillerDrone: 1461

WINNER: YurikovDrone

empty_range = 6347.126800563705
fully_range = 5980.416028560793
not_fully_range = 1459.9823583230932

14-10-2021 22:55 - [INFO]: Run stats:
YurikovDrone: 1510
DrillerDrone: 1452

WINNER: YurikovDrone

empty_range = 6128.996773379506
fully_range = 5403.460682026279
not_fully_range = 2106.1612983579216

14-10-2021 22:55 - [INFO]: Run stats:
YurikovDrone: 1572
DrillerDrone: 1485

WINNER: YurikovDrone

empty_range = 6508.5834924541305
fully_range = 5708.903559508426
not_fully_range = 3478.325416400069

14-10-2021 22:56 - [INFO]: Run stats:
YurikovDrone: 1418
DrillerDrone: 1464

WINNER: DrillerDrone

empty_range = 6032.544951632166
fully_range = 4914.803298297104
not_fully_range = 2957.7895745181713

14-10-2021 22:56 - [INFO]: Run stats:
YurikovDrone: 1626
DrillerDrone: 1521

WINNER: YurikovDrone

empty_range = 7739.112475315464
fully_range = 6344.2667027627895
not_fully_range = 2407.976021382017

14-10-2021 22:56 - [INFO]: Run stats:
YurikovDrone: 1427
DrillerDrone: 1388

WINNER: YurikovDrone

empty_range = 6216.205591547861
fully_range = 5230.516671484742
not_fully_range = 3246.5309831476934

14-10-2021 22:58 - [INFO]: Run stats:
YurikovDrone: 1659
DrillerDrone: 1491

WINNER: YurikovDrone

empty_range = 7454.8247071612195
fully_range = 6453.86439326462
not_fully_range = 2301.420177868877

14-10-2021 22:58 - [INFO]: Run stats:
YurikovDrone: 1481
DrillerDrone: 1354

WINNER: YurikovDrone

empty_range = 6390.007399381067
fully_range = 5348.951468351826
not_fully_range = 2466.5908931339986

14-10-2021 22:59 - [INFO]: Run stats:
YurikovDrone: 1631
DrillerDrone: 1500

WINNER: YurikovDrone

empty_range = 6729.568385992032
fully_range = 5550.335892195052
not_fully_range = 3014.223868413025

14-10-2021 22:59 - [INFO]: Run stats:
YurikovDrone: 1536
DrillerDrone: 1382

WINNER: YurikovDrone

empty_range = 6178.612894209203
fully_range = 5730.902259909269
not_fully_range = 2274.725984408456

14-10-2021 22:59 - [INFO]: Run stats:
YurikovDrone: 1501
DrillerDrone: 1346

WINNER: YurikovDrone

empty_range = 6270.794325898436
fully_range = 5680.456200523858
not_fully_range = 909.841473094341

14-10-2021 23:00 - [INFO]: Run stats:
YurikovDrone: 1494
DrillerDrone: 1393

WINNER: YurikovDrone

empty_range = 6675.523661320942
fully_range = 5051.782304779986
not_fully_range = 1953.237353804548

14-10-2021 23:00 - [INFO]: Run stats:
YurikovDrone: 1521
DrillerDrone: 1466

WINNER: YurikovDrone

empty_range = 6437.763331228181
fully_range = 5436.05832417079
not_fully_range = 3174.6869926815198

14-10-2021 23:00 - [INFO]: Run stats:
YurikovDrone: 1527
DrillerDrone: 1418

WINNER: YurikovDrone

empty_range = 6371.300000000032
fully_range = 5865.306397288501
not_fully_range = 2073.0779668644645

14-10-2021 23:00 - [INFO]: Run stats:
YurikovDrone: 1509
DrillerDrone: 1500

WINNER: YurikovDrone

empty_range = 6810.366254991289
fully_range = 5530.304245589771
not_fully_range = 3133.732686071711

14-10-2021 23:01 - [INFO]: Run stats:
YurikovDrone: 1500
DrillerDrone: 1437

WINNER: YurikovDrone

empty_range = 6564.013910123122
fully_range = 6026.304329610776
not_fully_range = 1110.3258026067658

14-10-2021 23:01 - [INFO]: Run stats:
YurikovDrone: 1549
DrillerDrone: 1415

WINNER: YurikovDrone

empty_range = 6875.186008170293
fully_range = 5979.7164387301
not_fully_range = 1903.6347269518267

14-10-2021 23:01 - [INFO]: Run stats:
YurikovDrone: 1578
DrillerDrone: 1500

WINNER: YurikovDrone

empty_range = 6744.4444586812315
fully_range = 5762.117105232581
not_fully_range = 2549.2446411995993

14-10-2021 23:02 - [INFO]: Run stats:
YurikovDrone: 1554
DrillerDrone: 1450

WINNER: YurikovDrone

empty_range = 6899.85489378314
fully_range = 5332.798661549272
not_fully_range = 3513.548014468538

14-10-2021 23:02 - [INFO]: Run stats:
YurikovDrone: 1598
DrillerDrone: 1486

WINNER: YurikovDrone

empty_range = 7832.4662333344795
fully_range = 6389.044574694724
not_fully_range = 2706.1803366463582

