14-10-2021 22:16 - [INFO]: Run stats:
YurikovDrone: 754
DrillerDrone: 652

WINNER: YurikovDrone

empty_range = 3873.4221856564805
fully_range = 1912.1318089857523
not_fully_range = 2416.314797952498

14-10-2021 22:16 - [INFO]: Run stats:
YurikovDrone: 772
DrillerDrone: 684

WINNER: YurikovDrone

empty_range = 3340.219999999992
fully_range = 2329.2100321853845
not_fully_range = 1838.2787427864682

14-10-2021 22:16 - [INFO]: Run stats:
YurikovDrone: 794
DrillerDrone: 761

WINNER: YurikovDrone

empty_range = 4148.627444879096
fully_range = 2802.615497394895
not_fully_range = 2003.9606879198905

14-10-2021 22:17 - [INFO]: Run stats:
YurikovDrone: 849
DrillerDrone: 784

WINNER: YurikovDrone

empty_range = 3589.039999999993
fully_range = 2333.9629445891956
not_fully_range = 1570.256119369509

14-10-2021 22:17 - [INFO]: Run stats:
YurikovDrone: 786
DrillerDrone: 565

WINNER: YurikovDrone

empty_range = 3828.447064493047
fully_range = 2356.2500000000023
not_fully_range = 2020.3086430120186

14-10-2021 22:17 - [INFO]: Run stats:
YurikovDrone: 785
DrillerDrone: 625

WINNER: YurikovDrone

empty_range = 3834.0899999999883
fully_range = 2008.2157727258893
not_fully_range = 2424.740681452576

14-10-2021 22:17 - [INFO]: Run stats:
YurikovDrone: 785
DrillerDrone: 696

WINNER: YurikovDrone

empty_range = 4067.830000000003
fully_range = 2435.4199999999964
not_fully_range = 1960.93526458321

14-10-2021 22:17 - [INFO]: Run stats:
YurikovDrone: 788
DrillerDrone: 728

WINNER: YurikovDrone

empty_range = 4444.829999999991
fully_range = 2442.139340765372
not_fully_range = 2486.199642085097

14-10-2021 22:17 - [INFO]: Run stats:
YurikovDrone: 811
DrillerDrone: 753

WINNER: YurikovDrone

empty_range = 4194.568700726871
fully_range = 2458.582206348003
not_fully_range = 2418.9819414293734

14-10-2021 22:17 - [INFO]: Run stats:
YurikovDrone: 860
DrillerDrone: 758

WINNER: YurikovDrone

empty_range = 4235.248560997233
fully_range = 2300.615693547309
not_fully_range = 2579.260135129133

14-10-2021 22:18 - [INFO]: Run stats:
YurikovDrone: 764
DrillerDrone: 668

WINNER: YurikovDrone

empty_range = 4386.3294163728815
fully_range = 2784.3521456815733
not_fully_range = 2277.555030136603

14-10-2021 22:18 - [INFO]: Run stats:
YurikovDrone: 815
DrillerDrone: 677

WINNER: YurikovDrone

empty_range = 4187.285992590274
fully_range = 2895.858394519997
not_fully_range = 1276.4918054326813

14-10-2021 22:18 - [INFO]: Run stats:
YurikovDrone: 879
DrillerDrone: 778

WINNER: YurikovDrone

empty_range = 3639.98833834371
fully_range = 2371.3299999999963
not_fully_range = 2525.57342170353

14-10-2021 22:18 - [INFO]: Run stats:
YurikovDrone: 730
DrillerDrone: 642

WINNER: YurikovDrone

empty_range = 4614.480000000012
fully_range = 2079.0321696919677
not_fully_range = 2727.0314475428504

14-10-2021 22:18 - [INFO]: Run stats:
YurikovDrone: 782
DrillerDrone: 656

WINNER: YurikovDrone

empty_range = 3561.4435360610983
fully_range = 2005.6661296449454
not_fully_range = 2690.9193264890027

14-10-2021 22:18 - [INFO]: Run stats:
YurikovDrone: 707
DrillerDrone: 731

WINNER: DrillerDrone

empty_range = 4150.217153556583
fully_range = 2308.363243693424
not_fully_range = 2871.475224382125

14-10-2021 22:18 - [INFO]: Run stats:
YurikovDrone: 843
DrillerDrone: 695

WINNER: YurikovDrone

empty_range = 4501.340724959187
fully_range = 2344.828992470046
not_fully_range = 2136.7687982920743

14-10-2021 22:19 - [INFO]: Run stats:
YurikovDrone: 686
DrillerDrone: 699

WINNER: DrillerDrone

empty_range = 4531.54
fully_range = 2073.500000000002
not_fully_range = 2451.493373134378

14-10-2021 22:19 - [INFO]: Run stats:
YurikovDrone: 779
DrillerDrone: 734

WINNER: YurikovDrone

empty_range = 4016.3983395357636
fully_range = 2571.140000000004
not_fully_range = 2203.566604970723

14-10-2021 22:19 - [INFO]: Run stats:
YurikovDrone: 784
DrillerDrone: 707

WINNER: YurikovDrone

empty_range = 3216.604325528296
fully_range = 2393.949999999998
not_fully_range = 2680.7078057718863

14-10-2021 22:19 - [INFO]: Run stats:
YurikovDrone: 750
DrillerDrone: 663

WINNER: YurikovDrone

empty_range = 3426.9300000000007
fully_range = 2197.909999999995
not_fully_range = 2080.4900119702634

14-10-2021 22:19 - [INFO]: Run stats:
YurikovDrone: 761
DrillerDrone: 730

WINNER: YurikovDrone

empty_range = 3742.2673727866027
fully_range = 2092.362607195816
not_fully_range = 2673.946325542076

14-10-2021 22:19 - [INFO]: Run stats:
YurikovDrone: 883
DrillerDrone: 741

WINNER: YurikovDrone

empty_range = 3966.0399999999972
fully_range = 2635.4145938002184
not_fully_range = 2155.7520411122973

14-10-2021 22:20 - [INFO]: Run stats:
YurikovDrone: 826
DrillerDrone: 686

WINNER: YurikovDrone

empty_range = 3626.7400000000002
fully_range = 2608.8399999999992
not_fully_range = 2230.4148747768013

14-10-2021 22:20 - [INFO]: Run stats:
YurikovDrone: 800
DrillerDrone: 747

WINNER: YurikovDrone

empty_range = 3969.1252296848725
fully_range = 3078.7136927651927
not_fully_range = 958.3036300906792

14-10-2021 22:20 - [INFO]: Run stats:
YurikovDrone: 809
DrillerDrone: 809

WINNER: DrillerDrone

empty_range = 5126.396558492559
fully_range = 3117.7899999999922
not_fully_range = 1837.6815860927688

14-10-2021 22:20 - [INFO]: Run stats:
YurikovDrone: 798
DrillerDrone: 719

WINNER: YurikovDrone

empty_range = 3934.60173474775
fully_range = 2790.9553772768854
not_fully_range = 2081.4806091688847

14-10-2021 22:20 - [INFO]: Run stats:
YurikovDrone: 887
DrillerDrone: 788

WINNER: YurikovDrone

empty_range = 4393.357849170745
fully_range = 2988.537769356054
not_fully_range = 1837.2329353638597

14-10-2021 22:20 - [INFO]: Run stats:
YurikovDrone: 856
DrillerDrone: 749

WINNER: YurikovDrone

empty_range = 4486.844944593092
fully_range = 2537.2099999999955
not_fully_range = 2385.793602865517

14-10-2021 22:21 - [INFO]: Run stats:
YurikovDrone: 783
DrillerDrone: 713

WINNER: YurikovDrone

empty_range = 3694.846415760322
fully_range = 2782.506415760323
not_fully_range = 1724.2517430083926

14-10-2021 22:21 - [INFO]: Run stats:
YurikovDrone: 797
DrillerDrone: 723

WINNER: YurikovDrone

empty_range = 4330.456665682631
fully_range = 2009.410000000002
not_fully_range = 2281.0771186461993

14-10-2021 22:21 - [INFO]: Run stats:
YurikovDrone: 801
DrillerDrone: 817

WINNER: DrillerDrone

empty_range = 4047.2062076522884
fully_range = 2563.5999999999967
not_fully_range = 2318.7430958695863

14-10-2021 22:21 - [INFO]: Run stats:
YurikovDrone: 825
DrillerDrone: 702

WINNER: YurikovDrone

empty_range = 3782.2127419690446
fully_range = 3090.8494612921227
not_fully_range = 1679.4080813262515

14-10-2021 22:21 - [INFO]: Run stats:
YurikovDrone: 781
DrillerDrone: 667

WINNER: YurikovDrone

empty_range = 3756.0321638285404
fully_range = 2216.7600000000016
not_fully_range = 2031.2704001793977

14-10-2021 22:22 - [INFO]: Run stats:
YurikovDrone: 796
DrillerDrone: 631

WINNER: YurikovDrone

empty_range = 4215.532837881342
fully_range = 2285.1317548296024
not_fully_range = 2251.5578319173133

14-10-2021 22:22 - [INFO]: Run stats:
YurikovDrone: 689
DrillerDrone: 557

WINNER: YurikovDrone

empty_range = 3718.745313500144
fully_range = 2477.4231416038256
not_fully_range = 1301.9227522176689

14-10-2021 22:22 - [INFO]: Run stats:
YurikovDrone: 797
DrillerDrone: 705

WINNER: YurikovDrone

empty_range = 3923.409414629781
fully_range = 2369.508648443855
not_fully_range = 2898.7748058097905

14-10-2021 22:22 - [INFO]: Run stats:
YurikovDrone: 683
DrillerDrone: 668

WINNER: YurikovDrone

empty_range = 3946.381764611064
fully_range = 2320.7417186829603
not_fully_range = 2502.4836682063324

14-10-2021 22:22 - [INFO]: Run stats:
YurikovDrone: 853
DrillerDrone: 771

WINNER: YurikovDrone

empty_range = 4503.176871874915
fully_range = 2539.3424914665766
not_fully_range = 2128.3025853999047

14-10-2021 22:22 - [INFO]: Run stats:
YurikovDrone: 831
DrillerDrone: 742

WINNER: YurikovDrone

empty_range = 3604.954178239595
fully_range = 2713.5754909613333
not_fully_range = 1461.3311260508528

14-10-2021 22:22 - [INFO]: Run stats:
YurikovDrone: 763
DrillerDrone: 762

WINNER: YurikovDrone

empty_range = 5217.550756165072
fully_range = 2309.7057845745335
not_fully_range = 1925.1062449632182

14-10-2021 22:23 - [INFO]: Run stats:
YurikovDrone: 833
DrillerDrone: 657

WINNER: YurikovDrone

empty_range = 4350.0805288303
fully_range = 2485.489980214428
not_fully_range = 2346.1201057417256

14-10-2021 22:23 - [INFO]: Run stats:
YurikovDrone: 838
DrillerDrone: 724

WINNER: YurikovDrone

empty_range = 4310.734227139144
fully_range = 2966.652336459749
not_fully_range = 1590.925493220142

14-10-2021 22:23 - [INFO]: Run stats:
YurikovDrone: 767
DrillerDrone: 729

WINNER: YurikovDrone

empty_range = 3959.85732802917
fully_range = 2759.6399999999912
not_fully_range = 1681.5030159033968

14-10-2021 22:23 - [INFO]: Run stats:
YurikovDrone: 808
DrillerDrone: 731

WINNER: YurikovDrone

empty_range = 4375.595576741447
fully_range = 2887.8199999999924
not_fully_range = 1583.8340625621265

14-10-2021 22:23 - [INFO]: Run stats:
YurikovDrone: 760
DrillerDrone: 703

WINNER: YurikovDrone

empty_range = 4703.8231948040275
fully_range = 2218.348376737824
not_fully_range = 2919.0240205146174

14-10-2021 22:23 - [INFO]: Run stats:
YurikovDrone: 860
DrillerDrone: 762

WINNER: YurikovDrone

empty_range = 4958.979120800586
fully_range = 2872.0853491868766
not_fully_range = 2231.450715560496

14-10-2021 22:23 - [INFO]: Run stats:
YurikovDrone: 776
DrillerDrone: 642

WINNER: YurikovDrone

empty_range = 4050.1631730341114
fully_range = 2816.1899999999996
not_fully_range = 1887.766187289568

14-10-2021 22:24 - [INFO]: Run stats:
YurikovDrone: 831
DrillerDrone: 855

WINNER: DrillerDrone

empty_range = 4267.484665021736
fully_range = 2755.7146650217373
not_fully_range = 1798.327442369244

14-10-2021 22:24 - [INFO]: Run stats:
YurikovDrone: 812
DrillerDrone: 809

WINNER: YurikovDrone

empty_range = 3836.1947911716657
fully_range = 2443.0329305567634
not_fully_range = 2258.1939544651773

14-10-2021 22:24 - [INFO]: Run stats:
YurikovDrone: 767
DrillerDrone: 765

WINNER: YurikovDrone

empty_range = 4010.5211097842616
fully_range = 2506.7244587750897
not_fully_range = 2336.7611633129577

14-10-2021 22:24 - [INFO]: Run stats:
YurikovDrone: 726
DrillerDrone: 638

WINNER: YurikovDrone

empty_range = 4758.707121729054
fully_range = 2631.228897826165
not_fully_range = 1579.2289521080852

14-10-2021 22:24 - [INFO]: Run stats:
YurikovDrone: 802
DrillerDrone: 748

WINNER: YurikovDrone

empty_range = 4406.8362998311
fully_range = 2289.054715755885
not_fully_range = 1913.7797974724383

14-10-2021 22:24 - [INFO]: Run stats:
YurikovDrone: 858
DrillerDrone: 659

WINNER: YurikovDrone

empty_range = 3543.730500285586
fully_range = 2816.189999999998
not_fully_range = 1626.9095403456554

14-10-2021 22:25 - [INFO]: Run stats:
YurikovDrone: 695
DrillerDrone: 650

WINNER: YurikovDrone

empty_range = 4423.54893095478
fully_range = 1978.9128081504934
not_fully_range = 2134.369215338219

14-10-2021 22:25 - [INFO]: Run stats:
YurikovDrone: 758
DrillerDrone: 680

WINNER: YurikovDrone

empty_range = 4224.038365152617
fully_range = 2542.7451230006127
not_fully_range = 1486.6995670258857

14-10-2021 22:25 - [INFO]: Run stats:
YurikovDrone: 832
DrillerDrone: 671

WINNER: YurikovDrone

empty_range = 4101.759999999997
fully_range = 2463.7756826308346
not_fully_range = 1635.1837372635496

14-10-2021 22:25 - [INFO]: Run stats:
YurikovDrone: 757
DrillerDrone: 762

WINNER: DrillerDrone

empty_range = 4508.9398484373005
fully_range = 2333.6299999999933
not_fully_range = 1715.4495207283694

14-10-2021 22:26 - [INFO]: Run stats:
YurikovDrone: 756
DrillerDrone: 760

WINNER: DrillerDrone

empty_range = 4892.243338719231
fully_range = 2495.7560251421746
not_fully_range = 2003.060867936806

14-10-2021 22:26 - [INFO]: Run stats:
YurikovDrone: 787
DrillerDrone: 800

WINNER: DrillerDrone

empty_range = 4271.637501453091
fully_range = 2522.2697898866445
not_fully_range = 2437.759031071914

14-10-2021 22:26 - [INFO]: Run stats:
YurikovDrone: 830
DrillerDrone: 700

WINNER: YurikovDrone

empty_range = 4044.5480372832926
fully_range = 3113.7454739611917
not_fully_range = 2901.512554264663

14-10-2021 22:26 - [INFO]: Run stats:
YurikovDrone: 761
DrillerDrone: 658

WINNER: YurikovDrone

empty_range = 3960.8094211084103
fully_range = 2403.23923167968
not_fully_range = 1664.1490801027887

14-10-2021 22:26 - [INFO]: Run stats:
YurikovDrone: 777
DrillerDrone: 690

WINNER: YurikovDrone

empty_range = 3700.2149165193746
fully_range = 2065.959999999994
not_fully_range = 2746.4304448189496

14-10-2021 22:26 - [INFO]: Run stats:
YurikovDrone: 841
DrillerDrone: 670

WINNER: YurikovDrone

empty_range = 3552.352040669001
fully_range = 2277.1400194553944
not_fully_range = 2226.113547377142

14-10-2021 22:27 - [INFO]: Run stats:
YurikovDrone: 669
DrillerDrone: 669

WINNER: DrillerDrone

empty_range = 4114.9766844941905
fully_range = 2054.650000000002
not_fully_range = 2059.5520959937885

14-10-2021 22:27 - [INFO]: Run stats:
YurikovDrone: 761
DrillerDrone: 582

WINNER: YurikovDrone

empty_range = 4050.9804665451743
fully_range = 2404.19846297396
not_fully_range = 2237.904317409009

14-10-2021 22:27 - [INFO]: Run stats:
YurikovDrone: 762
DrillerDrone: 667

WINNER: YurikovDrone

empty_range = 3520.686769225263
fully_range = 2024.7469927854956
not_fully_range = 2366.208856426343

14-10-2021 22:27 - [INFO]: Run stats:
YurikovDrone: 746
DrillerDrone: 622

WINNER: YurikovDrone

empty_range = 4260.0105458408725
fully_range = 2596.3477856613913
not_fully_range = 2094.372651458463

14-10-2021 22:27 - [INFO]: Run stats:
YurikovDrone: 808
DrillerDrone: 714

WINNER: YurikovDrone

empty_range = 4405.575357508633
fully_range = 2437.1787446975004
not_fully_range = 1809.5547493386296

14-10-2021 22:27 - [INFO]: Run stats:
YurikovDrone: 843
DrillerDrone: 707

WINNER: YurikovDrone

empty_range = 3567.7659977423
fully_range = 2202.425184930436
not_fully_range = 2304.453005001774

14-10-2021 22:28 - [INFO]: Run stats:
YurikovDrone: 825
DrillerDrone: 856

WINNER: DrillerDrone

empty_range = 4530.270282997016
fully_range = 2393.2539107500875
not_fully_range = 2528.6026639765973

14-10-2021 22:28 - [INFO]: Run stats:
YurikovDrone: 866
DrillerDrone: 735

WINNER: YurikovDrone

empty_range = 4018.356899271379
fully_range = 2631.613221004128
not_fully_range = 2789.605916749926

14-10-2021 22:28 - [INFO]: Run stats:
YurikovDrone: 831
DrillerDrone: 703

WINNER: YurikovDrone

empty_range = 4425.449791574804
fully_range = 2601.299999999996
not_fully_range = 2470.326558822518

14-10-2021 22:28 - [INFO]: Run stats:
YurikovDrone: 797
DrillerDrone: 779

WINNER: YurikovDrone

empty_range = 5041.256564295959
fully_range = 2588.2969336602187
not_fully_range = 1578.694215166473

14-10-2021 22:28 - [INFO]: Run stats:
YurikovDrone: 825
DrillerDrone: 825

WINNER: DrillerDrone

empty_range = 4392.5253176577635
fully_range = 2899.129999999992
not_fully_range = 1688.4288626383682

14-10-2021 22:28 - [INFO]: Run stats:
YurikovDrone: 765
DrillerDrone: 726

WINNER: YurikovDrone

empty_range = 4245.019999999992
fully_range = 2104.7020804969025
not_fully_range = 2789.820167073489

14-10-2021 22:29 - [INFO]: Run stats:
YurikovDrone: 856
DrillerDrone: 790

WINNER: YurikovDrone

empty_range = 4165.001719618308
fully_range = 2337.154756187712
not_fully_range = 2648.8865214930456

14-10-2021 22:29 - [INFO]: Run stats:
YurikovDrone: 733
DrillerDrone: 667

WINNER: YurikovDrone

empty_range = 4003.751948224295
fully_range = 2156.590463529858
not_fully_range = 2419.6555292181934

14-10-2021 22:29 - [INFO]: Run stats:
YurikovDrone: 787
DrillerDrone: 628

WINNER: YurikovDrone

empty_range = 4139.248449773157
fully_range = 2476.889999999994
not_fully_range = 2050.3922034560264

14-10-2021 22:29 - [INFO]: Run stats:
YurikovDrone: 798
DrillerDrone: 772

WINNER: YurikovDrone

empty_range = 3733.7176561626216
fully_range = 2252.9243858997847
not_fully_range = 2594.0836155851207

14-10-2021 22:29 - [INFO]: Run stats:
YurikovDrone: 749
DrillerDrone: 704

WINNER: YurikovDrone

empty_range = 4094.676912387342
fully_range = 2416.2000114887583
not_fully_range = 1826.7175584264755

14-10-2021 22:29 - [INFO]: Run stats:
YurikovDrone: 774
DrillerDrone: 777

WINNER: DrillerDrone

empty_range = 4039.1494607600453
fully_range = 2518.055193372383
not_fully_range = 2544.0882474586815

14-10-2021 22:30 - [INFO]: Run stats:
YurikovDrone: 737
DrillerDrone: 755

WINNER: DrillerDrone

empty_range = 3915.8841061599114
fully_range = 2197.0572814426
not_fully_range = 2618.9398695290483

14-10-2021 22:30 - [INFO]: Run stats:
YurikovDrone: 871
DrillerDrone: 715

WINNER: YurikovDrone

empty_range = 4196.009999999989
fully_range = 2370.8899138868433
not_fully_range = 2038.8463085665655

14-10-2021 22:30 - [INFO]: Run stats:
YurikovDrone: 795
DrillerDrone: 736

WINNER: YurikovDrone

empty_range = 3423.1599999999935
fully_range = 2356.2500000000014
not_fully_range = 2524.9278709450637

14-10-2021 22:30 - [INFO]: Run stats:
YurikovDrone: 847
DrillerDrone: 827

WINNER: YurikovDrone

empty_range = 3592.8099999999954
fully_range = 2883.593557445982
not_fully_range = 1686.5040636478845

14-10-2021 22:30 - [INFO]: Run stats:
YurikovDrone: 693
DrillerDrone: 696

WINNER: DrillerDrone

empty_range = 4171.185415711128
fully_range = 1900.9653346812865
not_fully_range = 2356.130026009937

14-10-2021 22:30 - [INFO]: Run stats:
YurikovDrone: 803
DrillerDrone: 752

WINNER: YurikovDrone

empty_range = 3840.1925733459257
fully_range = 3045.1152743217563
not_fully_range = 2147.340842254865

14-10-2021 22:31 - [INFO]: Run stats:
YurikovDrone: 834
DrillerDrone: 689

WINNER: YurikovDrone

empty_range = 4237.195849816417
fully_range = 3268.6588219475284
not_fully_range = 2105.6437348130175

14-10-2021 22:31 - [INFO]: Run stats:
YurikovDrone: 836
DrillerDrone: 733

WINNER: YurikovDrone

empty_range = 4364.3486450085275
fully_range = 2446.356841647575
not_fully_range = 2505.57941299716

14-10-2021 22:31 - [INFO]: Run stats:
YurikovDrone: 819
DrillerDrone: 764

WINNER: YurikovDrone

empty_range = 4130.001826106116
fully_range = 2367.2316289117052
not_fully_range = 1970.476851409935

14-10-2021 22:31 - [INFO]: Run stats:
YurikovDrone: 647
DrillerDrone: 739

WINNER: DrillerDrone

empty_range = 3856.7099999999987
fully_range = 1898.7251038003897
not_fully_range = 3007.6705013270785

14-10-2021 22:31 - [INFO]: Run stats:
YurikovDrone: 811
DrillerDrone: 731

WINNER: YurikovDrone

empty_range = 4162.298516847938
fully_range = 1832.3066349327164
not_fully_range = 3560.2183681366982

14-10-2021 22:31 - [INFO]: Run stats:
YurikovDrone: 759
DrillerDrone: 749

WINNER: YurikovDrone

empty_range = 4590.454676358737
fully_range = 2254.8218943232937
not_fully_range = 2513.2111010655476

14-10-2021 22:32 - [INFO]: Run stats:
YurikovDrone: 751
DrillerDrone: 766

WINNER: DrillerDrone

empty_range = 4256.329999999996
fully_range = 2405.780475859703
not_fully_range = 2927.667517486949

14-10-2021 22:32 - [INFO]: Run stats:
YurikovDrone: 799
DrillerDrone: 691

WINNER: YurikovDrone

empty_range = 4248.789999999991
fully_range = 2175.289999999995
not_fully_range = 2740.7886404156584

14-10-2021 22:32 - [INFO]: Run stats:
YurikovDrone: 748
DrillerDrone: 718

WINNER: YurikovDrone

empty_range = 4805.003478310703
fully_range = 2431.6499999999933
not_fully_range = 2482.089860986954

14-10-2021 22:32 - [INFO]: Run stats:
YurikovDrone: 739
DrillerDrone: 791

WINNER: DrillerDrone

empty_range = 3752.8788338520094
fully_range = 2863.837135660441
not_fully_range = 1467.0267155312463

14-10-2021 22:32 - [INFO]: Run stats:
YurikovDrone: 804
DrillerDrone: 663

WINNER: YurikovDrone

empty_range = 3736.854377348689
fully_range = 2572.2971267926396
not_fully_range = 2427.858959484905

14-10-2021 22:33 - [INFO]: Run stats:
YurikovDrone: 749
DrillerDrone: 597

WINNER: YurikovDrone

empty_range = 4007.6500427478404
fully_range = 2367.559999999996
not_fully_range = 1997.0195290865954

